c:\projects\anura\vs2012\lua\release\lobject.obj
c:\projects\anura\vs2012\lua\release\loadlib.obj
c:\projects\anura\vs2012\lua\release\lmem.obj
c:\projects\anura\vs2012\lua\release\lmathlib.obj
c:\projects\anura\vs2012\lua\release\llex.obj
c:\projects\anura\vs2012\lua\release\liolib.obj
c:\projects\anura\vs2012\lua\release\linit.obj
c:\projects\anura\vs2012\lua\release\lgc.obj
c:\projects\anura\vs2012\lua\release\lfunc.obj
c:\projects\anura\vs2012\lua\release\ldump.obj
c:\projects\anura\vs2012\lua\release\ldo.obj
c:\projects\anura\vs2012\lua\release\ldebug.obj
c:\projects\anura\vs2012\lua\release\ldblib.obj
c:\projects\anura\vs2012\lua\release\lctype.obj
c:\projects\anura\vs2012\lua\release\lcorolib.obj
c:\projects\anura\vs2012\lua\release\lcode.obj
c:\projects\anura\vs2012\lua\release\lbitlib.obj
c:\projects\anura\vs2012\lua\release\lbaselib.obj
c:\projects\anura\vs2012\lua\release\lauxlib.obj
c:\projects\anura\vs2012\lua\release\lapi.obj
c:\projects\anura\vs2012\lua\release\lzio.obj
c:\projects\anura\vs2012\lua\release\lvm.obj
c:\projects\anura\vs2012\lua\release\lundump.obj
c:\projects\anura\vs2012\lua\release\ltm.obj
c:\projects\anura\vs2012\lua\release\ltablib.obj
c:\projects\anura\vs2012\lua\release\ltable.obj
c:\projects\anura\vs2012\lua\release\lstrlib.obj
c:\projects\anura\vs2012\lua\release\lstring.obj
c:\projects\anura\vs2012\lua\release\lstate.obj
c:\projects\anura\vs2012\lua\release\lparser.obj
c:\projects\anura\vs2012\lua\release\loslib.obj
c:\projects\anura\vs2012\lua\release\lopcodes.obj
c:\projects\anura\vs2012\lua\release\vc110.pdb
c:\projects\anura\vs2012\anura\release\lua.lib
c:\projects\anura\vs2012\lua\release\cl.command.1.tlog
c:\projects\anura\vs2012\lua\release\cl.read.1.tlog
c:\projects\anura\vs2012\lua\release\cl.write.1.tlog
c:\projects\anura\vs2012\lua\release\lib-link.read.1.tlog
c:\projects\anura\vs2012\lua\release\lib-link.write.1.tlog
c:\projects\anura\vs2012\lua\release\lib.command.1.tlog
